<?xml version="1.0" encoding="UTF-8"?>
<!-- Generated by org.testng.reporters.JUnitReportReporter -->
<testsuite skipped="0" hostname="DESKTOP-BN0SG4N" name="test.WiFiScript" tests="1" failures="0" timestamp="2021-11-05T10:15:43 EDT" time="97.155" errors="0">
  <testcase name="check_wifi_state" time="97.155" classname="test.WiFiScript"/>
  <system-out/>
</testsuite> <!-- test.WiFiScript -->
